0 info it worked if it ends with ok
1 verbose cli [ '/home/amagdy/node-v6.10.0-linux-x64/bin/node',
1 verbose cli   '/home/amagdy/node-v6.10.0-linux-x64/bin/npm',
1 verbose cli   'install' ]
2 info using npm@3.10.10
3 info using node@v6.10.0
4 silly loadCurrentTree Starting
5 silly install loadCurrentTree
6 silly install readLocalPackageData
7 silly install normalizeTree
8 silly loadCurrentTree Finishing
9 silly loadIdealTree Starting
10 silly install loadIdealTree
11 silly cloneCurrentTree Starting
12 silly install cloneCurrentTreeToIdealTree
13 silly cloneCurrentTree Finishing
14 silly loadShrinkwrap Starting
15 silly install loadShrinkwrap
16 silly loadShrinkwrap Finishing
17 silly loadAllDepsIntoIdealTree Starting
18 silly install loadAllDepsIntoIdealTree
19 silly fetchNamedPackageData ejs9
20 silly mapToRegistry name ejs9
21 silly mapToRegistry using default registry
22 silly mapToRegistry registry https://registry.npmjs.org/
23 silly mapToRegistry data Result {
23 silly mapToRegistry   raw: 'ejs9',
23 silly mapToRegistry   scope: null,
23 silly mapToRegistry   escapedName: 'ejs9',
23 silly mapToRegistry   name: 'ejs9',
23 silly mapToRegistry   rawSpec: '',
23 silly mapToRegistry   spec: 'latest',
23 silly mapToRegistry   type: 'tag' }
24 silly mapToRegistry uri https://registry.npmjs.org/ejs9
25 verbose request uri https://registry.npmjs.org/ejs9
26 verbose request no auth needed
27 info attempt registry request try #1 at 6:44:15 PM
28 verbose request id b6eda8b7f50634f9
29 http request GET https://registry.npmjs.org/ejs9
30 info retry will retry, error on last attempt: Error: tunneling socket could not be established, cause=connect ETIMEDOUT 10.149.10.11:8080
31 info attempt registry request try #2 at 6:46:32 PM
32 http request GET https://registry.npmjs.org/ejs9
33 info retry will retry, error on last attempt: Error: tunneling socket could not be established, cause=connect ETIMEDOUT 10.149.10.11:8080
34 info attempt registry request try #3 at 6:49:39 PM
35 http request GET https://registry.npmjs.org/ejs9
36 silly fetchPackageMetaData Error: tunneling socket could not be established, cause=connect ETIMEDOUT 10.149.10.11:8080
36 silly fetchPackageMetaData     at ClientRequest.onError (/home/amagdy/node-v6.10.0-linux-x64/lib/node_modules/npm/node_modules/request/node_modules/tunnel-agent/index.js:176:17)
36 silly fetchPackageMetaData     at ClientRequest.g (events.js:291:16)
36 silly fetchPackageMetaData     at emitOne (events.js:96:13)
36 silly fetchPackageMetaData     at ClientRequest.emit (events.js:188:7)
36 silly fetchPackageMetaData     at Socket.socketErrorListener (_http_client.js:310:9)
36 silly fetchPackageMetaData     at emitOne (events.js:96:13)
36 silly fetchPackageMetaData     at Socket.emit (events.js:188:7)
36 silly fetchPackageMetaData     at emitErrorNT (net.js:1278:8)
36 silly fetchPackageMetaData     at _combinedTickCallback (internal/process/next_tick.js:74:11)
36 silly fetchPackageMetaData     at process._tickCallback (internal/process/next_tick.js:98:9)
36 silly fetchPackageMetaData  error for ejs9@^2.5.6 { Error: tunneling socket could not be established, cause=connect ETIMEDOUT 10.149.10.11:8080
36 silly fetchPackageMetaData     at ClientRequest.onError (/home/amagdy/node-v6.10.0-linux-x64/lib/node_modules/npm/node_modules/request/node_modules/tunnel-agent/index.js:176:17)
36 silly fetchPackageMetaData     at ClientRequest.g (events.js:291:16)
36 silly fetchPackageMetaData     at emitOne (events.js:96:13)
36 silly fetchPackageMetaData     at ClientRequest.emit (events.js:188:7)
36 silly fetchPackageMetaData     at Socket.socketErrorListener (_http_client.js:310:9)
36 silly fetchPackageMetaData     at emitOne (events.js:96:13)
36 silly fetchPackageMetaData     at Socket.emit (events.js:188:7)
36 silly fetchPackageMetaData     at emitErrorNT (net.js:1278:8)
36 silly fetchPackageMetaData     at _combinedTickCallback (internal/process/next_tick.js:74:11)
36 silly fetchPackageMetaData     at process._tickCallback (internal/process/next_tick.js:98:9) code: 'ECONNRESET' }
37 silly rollbackFailedOptional Starting
38 silly rollbackFailedOptional Finishing
39 silly runTopLevelLifecycles Finishing
40 silly install printInstalled
41 verbose stack Error: tunneling socket could not be established, cause=connect ETIMEDOUT 10.149.10.11:8080
41 verbose stack     at ClientRequest.onError (/home/amagdy/node-v6.10.0-linux-x64/lib/node_modules/npm/node_modules/request/node_modules/tunnel-agent/index.js:176:17)
41 verbose stack     at ClientRequest.g (events.js:291:16)
41 verbose stack     at emitOne (events.js:96:13)
41 verbose stack     at ClientRequest.emit (events.js:188:7)
41 verbose stack     at Socket.socketErrorListener (_http_client.js:310:9)
41 verbose stack     at emitOne (events.js:96:13)
41 verbose stack     at Socket.emit (events.js:188:7)
41 verbose stack     at emitErrorNT (net.js:1278:8)
41 verbose stack     at _combinedTickCallback (internal/process/next_tick.js:74:11)
41 verbose stack     at process._tickCallback (internal/process/next_tick.js:98:9)
42 verbose cwd /home/amagdy/Downloads/YallaNotlob-master
43 error Linux 4.5.5-300.fc24.x86_64
44 error argv "/home/amagdy/node-v6.10.0-linux-x64/bin/node" "/home/amagdy/node-v6.10.0-linux-x64/bin/npm" "install"
45 error node v6.10.0
46 error npm  v3.10.10
47 error code ECONNRESET
48 error network tunneling socket could not be established, cause=connect ETIMEDOUT 10.149.10.11:8080
49 error network This is most likely not a problem with npm itself
49 error network and is related to network connectivity.
49 error network In most cases you are behind a proxy or have bad network settings.
49 error network
49 error network If you are behind a proxy, please make sure that the
49 error network 'proxy' config is set properly.  See: 'npm help config'
50 verbose exit [ 1, true ]
